SF:lib\data\datasources\movie_local_data_source.dart
DA:21,1
DA:24,1
DA:26,3
DA:29,2
DA:34,1
DA:36,3
DA:39,2
DA:44,1
DA:45,3
DA:47,1
DA:54,1
DA:55,3
DA:56,4
DA:60,1
DA:61,3
DA:62,3
DA:66,1
DA:67,3
DA:68,1
DA:69,4
DA:71,1
DA:76,0
DA:77,0
DA:78,0
DA:82,0
DA:83,0
DA:84,0
DA:85,0
DA:87,0
DA:92,0
DA:93,0
DA:94,0
DA:98,0
DA:99,0
DA:100,0
DA:101,0
DA:103,0
LF:37
LH:21
end_of_record
SF:lib\utils\exception.dart
DA:6,4
DA:12,4
LF:2
LH:2
end_of_record
SF:lib\data\models\movie_table.dart
DA:12,17
DA:19,2
DA:20,1
DA:21,1
DA:22,1
DA:23,1
DA:26,2
DA:27,1
DA:28,1
DA:29,1
DA:30,1
DA:33,0
DA:34,0
DA:35,0
DA:36,0
DA:37,0
DA:40,2
DA:41,1
DA:42,1
DA:43,1
DA:44,1
DA:47,2
DA:48,10
LF:23
LH:18
end_of_record
SF:lib\data\models\tv_series_table.dart
DA:12,17
DA:19,2
DA:20,1
DA:21,1
DA:22,1
DA:23,1
DA:26,2
DA:27,1
DA:28,1
DA:29,1
DA:30,1
DA:33,0
DA:34,0
DA:35,0
DA:36,0
DA:37,0
DA:40,2
DA:41,1
DA:42,1
DA:43,1
DA:44,1
DA:47,2
DA:48,10
LF:23
LH:18
end_of_record
SF:lib\domain\entities\genre.dart
DA:4,19
DA:12,4
DA:13,12
LF:3
LH:3
end_of_record
SF:lib\domain\entities\movie.dart
DA:5,8
DA:21,1
DA:42,6
DA:43,6
DA:44,6
DA:45,6
DA:46,6
DA:47,6
DA:48,6
DA:49,6
DA:50,6
DA:51,6
DA:52,6
DA:53,6
DA:54,6
DA:55,6
DA:56,6
LF:17
LH:17
end_of_record
SF:lib\domain\entities\movie_detail.dart
DA:6,17
DA:34,2
DA:35,2
DA:36,2
DA:37,2
DA:38,2
DA:39,2
DA:40,2
DA:41,2
DA:42,2
DA:43,2
DA:44,2
DA:45,2
DA:46,2
LF:14
LH:14
end_of_record
SF:lib\domain\entities\season.dart
DA:5,6
DA:23,2
DA:24,2
DA:25,2
DA:26,2
DA:27,2
DA:28,2
DA:29,2
DA:30,2
DA:31,2
LF:10
LH:10
end_of_record
SF:lib\domain\entities\tv_series.dart
DA:5,8
DA:20,1
DA:40,6
DA:41,6
DA:42,6
DA:43,6
DA:44,6
DA:45,6
DA:46,6
DA:47,6
DA:48,6
DA:49,6
DA:50,6
DA:51,6
DA:52,6
DA:53,6
LF:16
LH:16
end_of_record
SF:lib\domain\entities\tv_series_detail.dart
DA:7,6
DA:49,2
DA:50,2
DA:51,2
DA:52,2
DA:53,2
DA:54,2
DA:55,2
DA:56,2
DA:57,2
DA:58,2
DA:59,2
DA:60,2
DA:61,2
DA:62,2
DA:63,2
DA:64,2
DA:65,2
DA:66,2
DA:67,2
DA:68,2
DA:69,2
LF:22
LH:22
end_of_record
SF:lib\common\network_info.dart
DA:10,0
DA:12,0
DA:13,0
LF:3
LH:0
end_of_record
SF:lib\data\datasources\db\database_helper.dart
DA:10,0
DA:14,0
DA:18,0
DA:19,0
DA:28,0
DA:29,0
DA:30,0
DA:32,0
DA:35,0
DA:36,0
DA:41,0
DA:42,0
DA:49,0
DA:50,0
DA:57,0
DA:58,0
DA:67,0
DA:68,0
DA:77,0
DA:80,0
DA:81,0
DA:82,0
DA:85,0
DA:86,0
DA:87,0
DA:90,0
DA:91,0
DA:92,0
DA:95,0
DA:99,0
DA:100,0
DA:101,0
DA:104,0
DA:108,0
DA:109,0
DA:110,0
DA:113,0
DA:116,0
DA:117,0
DA:123,0
DA:124,0
DA:125,0
DA:128,0
DA:131,0
DA:132,0
DA:138,0
DA:139,0
DA:141,0
DA:146,0
DA:147,0
DA:149,0
DA:154,0
DA:157,0
DA:158,0
DA:159,0
DA:160,0
DA:161,0
DA:162,0
DA:167,0
DA:170,0
DA:171,0
DA:172,0
DA:173,0
DA:174,0
DA:175,0
DA:180,0
DA:181,0
DA:182,0
DA:185,0
DA:191,0
DA:192,0
DA:193,0
DA:196,0
DA:202,0
DA:203,0
DA:204,0
DA:207,0
DA:211,0
DA:212,0
DA:213,0
DA:216,0
LF:81
LH:0
end_of_record
SF:lib\data\datasources\movie_remote_data_source.dart
DA:24,1
DA:27,1
DA:29,5
DA:31,2
DA:32,4
DA:34,1
DA:39,1
DA:40,5
DA:42,2
DA:43,3
DA:45,1
DA:50,1
DA:51,2
DA:52,3
DA:54,2
DA:55,4
DA:57,1
DA:62,1
DA:64,5
DA:65,2
DA:66,4
DA:68,1
DA:73,1
DA:75,5
DA:77,2
DA:78,4
DA:80,1
DA:85,1
DA:86,2
DA:87,3
DA:89,2
DA:90,4
DA:92,1
LF:33
LH:33
end_of_record
SF:lib\data\datasources\tv_series_local_data_source.dart
DA:21,1
DA:24,1
DA:26,3
DA:29,2
DA:34,1
DA:36,3
DA:39,2
DA:44,1
DA:45,3
DA:47,1
DA:54,1
DA:55,3
DA:56,4
DA:60,1
DA:61,3
DA:62,3
DA:66,0
DA:67,0
DA:68,0
DA:72,0
DA:73,0
DA:74,0
DA:78,1
DA:79,3
DA:80,1
DA:81,4
DA:83,1
DA:88,0
DA:89,0
DA:90,0
DA:91,0
DA:93,0
DA:98,0
DA:99,0
DA:100,0
DA:101,0
DA:103,0
LF:37
LH:21
end_of_record
SF:lib\data\datasources\tv_series_remote_data_source.dart
DA:24,1
DA:27,1
DA:29,5
DA:30,2
DA:31,4
DA:33,1
DA:38,1
DA:40,5
DA:41,2
DA:42,4
DA:44,1
DA:49,1
DA:51,5
DA:52,2
DA:53,4
DA:55,1
DA:60,1
DA:61,5
DA:62,2
DA:63,3
DA:65,1
DA:70,1
DA:71,2
DA:72,3
DA:73,2
DA:74,4
DA:76,1
DA:81,1
DA:82,2
DA:83,3
DA:84,2
DA:85,4
DA:87,1
LF:33
LH:33
end_of_record
SF:lib\data\models\movie_detail_model.dart
DA:7,2
DA:53,1
DA:54,1
DA:55,1
DA:56,1
DA:57,1
DA:58,1
DA:59,4
DA:60,1
DA:61,1
DA:62,1
DA:63,1
DA:64,1
DA:65,1
DA:66,2
DA:67,1
DA:68,1
DA:69,1
DA:70,1
DA:71,1
DA:72,1
DA:73,1
DA:74,1
DA:75,2
DA:76,1
DA:79,0
DA:80,0
DA:81,0
DA:82,0
DA:83,0
DA:84,0
DA:85,0
DA:86,0
DA:87,0
DA:88,0
DA:89,0
DA:90,0
DA:91,0
DA:92,0
DA:93,0
DA:94,0
DA:95,0
DA:96,0
DA:97,0
DA:98,0
DA:99,0
DA:100,0
DA:103,1
DA:104,1
DA:105,1
DA:106,1
DA:107,5
DA:108,1
DA:109,1
DA:110,1
DA:111,1
DA:112,1
DA:113,1
DA:114,1
DA:115,1
DA:116,1
DA:120,1
DA:121,1
DA:122,1
DA:123,1
DA:124,1
DA:125,1
DA:126,1
DA:127,1
DA:128,1
DA:129,1
DA:130,1
DA:131,1
DA:132,1
DA:133,1
DA:134,1
DA:135,1
DA:136,1
DA:137,1
DA:138,1
DA:139,1
DA:140,1
DA:141,1
DA:142,1
LF:84
LH:62
end_of_record
SF:lib\data\models\movie_model.dart
DA:5,5
DA:35,4
DA:36,2
DA:37,2
DA:38,8
DA:39,2
DA:40,2
DA:41,2
DA:42,4
DA:43,2
DA:44,2
DA:45,2
DA:46,2
DA:47,4
DA:48,2
DA:51,2
DA:52,1
DA:53,1
DA:54,4
DA:55,1
DA:56,1
DA:57,1
DA:58,1
DA:59,1
DA:60,1
DA:61,1
DA:62,1
DA:63,1
DA:64,1
DA:67,2
DA:68,2
DA:69,2
DA:70,2
DA:71,2
DA:72,2
DA:73,2
DA:74,2
DA:75,2
DA:76,2
DA:77,2
DA:78,2
DA:79,2
DA:80,2
DA:81,2
DA:85,2
DA:86,2
DA:87,2
DA:88,2
DA:89,2
DA:90,2
DA:91,2
DA:92,2
DA:93,2
DA:94,2
DA:95,2
DA:96,2
DA:97,2
DA:98,2
DA:99,2
LF:59
LH:59
end_of_record
SF:lib\data\models\tv_series_detail_model.dart
DA:12,2
DA:80,1
DA:81,1
DA:82,1
DA:83,1
DA:84,3
DA:85,4
DA:86,1
DA:87,1
DA:88,4
DA:89,1
DA:90,1
DA:91,1
DA:92,4
DA:93,1
DA:95,2
DA:96,1
DA:97,1
DA:98,1
DA:99,4
DA:100,1
DA:101,1
DA:102,4
DA:103,1
DA:104,1
DA:105,1
DA:106,2
DA:107,1
DA:109,3
DA:110,1
DA:111,1
DA:112,3
DA:113,1
DA:114,4
DA:115,2
DA:116,3
DA:117,1
DA:118,1
DA:119,1
DA:120,2
DA:121,1
DA:124,0
DA:125,0
DA:126,0
DA:127,0
DA:128,0
DA:129,0
DA:130,0
DA:131,0
DA:132,0
DA:133,0
DA:134,0
DA:135,0
DA:136,0
DA:137,0
DA:138,0
DA:139,0
DA:140,0
DA:141,0
DA:142,0
DA:143,0
DA:144,0
DA:145,0
DA:146,0
DA:147,0
DA:149,0
DA:151,0
DA:152,0
DA:154,0
DA:155,0
DA:156,0
DA:157,0
DA:158,0
DA:159,0
DA:162,1
DA:163,1
DA:164,1
DA:165,1
DA:166,1
DA:167,1
DA:168,5
DA:169,1
DA:170,1
DA:171,1
DA:172,1
DA:173,1
DA:174,1
DA:175,1
DA:176,1
DA:177,1
DA:178,1
DA:179,5
DA:180,1
DA:181,1
DA:182,1
DA:186,1
DA:187,1
DA:188,1
DA:189,1
DA:190,1
DA:191,1
DA:192,1
DA:193,1
DA:194,1
DA:195,1
DA:196,1
DA:197,1
DA:198,1
DA:199,1
DA:200,1
DA:201,1
DA:202,1
DA:203,1
DA:204,1
DA:205,1
DA:206,1
DA:207,1
DA:208,1
DA:209,1
DA:210,1
DA:211,1
DA:212,1
DA:213,1
DA:214,1
DA:215,1
DA:216,1
DA:217,1
DA:218,1
DA:219,1
LF:129
LH:96
end_of_record
SF:lib\data\models\tv_series_model.dart
DA:6,5
DA:36,4
DA:38,4
DA:39,2
DA:40,8
DA:41,2
DA:42,2
DA:43,8
DA:44,2
DA:45,2
DA:46,2
DA:47,4
DA:48,2
DA:49,4
DA:50,2
DA:53,2
DA:54,2
DA:55,1
DA:56,4
DA:57,1
DA:58,1
DA:59,4
DA:60,1
DA:61,1
DA:62,1
DA:63,1
DA:64,1
DA:65,1
DA:66,1
DA:69,2
DA:70,2
DA:71,2
DA:72,2
DA:73,2
DA:74,2
DA:75,2
DA:76,2
DA:77,2
DA:78,2
DA:79,2
DA:80,2
DA:81,2
DA:82,2
DA:85,2
DA:86,2
DA:87,2
DA:88,2
DA:89,2
DA:90,2
DA:91,2
DA:92,2
DA:93,2
DA:94,2
DA:95,2
DA:96,2
DA:97,2
DA:98,2
DA:99,2
LF:58
LH:58
end_of_record
SF:lib\utils\failure.dart
DA:6,14
DA:8,2
DA:9,4
DA:13,14
DA:17,4
DA:21,6
DA:25,8
DA:29,4
LF:8
LH:8
end_of_record
SF:lib\common\encrypt.dart
DA:3,0
DA:4,0
DA:5,0
DA:7,0
DA:9,0
DA:11,0
LF:6
LH:0
end_of_record
SF:lib\data\models\movie_response.dart
DA:8,3
DA:10,4
DA:11,4
DA:12,6
DA:13,6
DA:16,2
DA:17,5
DA:20,1
DA:21,2
LF:9
LH:9
end_of_record
SF:lib\data\models\tv_series_response.dart
DA:8,3
DA:10,4
DA:11,4
DA:12,6
DA:13,6
DA:16,2
DA:17,5
DA:20,1
DA:21,2
LF:9
LH:9
end_of_record
SF:lib\data\models\genre_model.dart
DA:6,4
DA:14,4
DA:15,2
DA:16,2
DA:19,0
DA:20,0
DA:21,0
DA:24,2
DA:25,6
DA:28,2
DA:29,6
LF:11
LH:8
end_of_record
SF:lib\data\models\last_episode_to_air_model.dart
DA:5,2
DA:29,1
DA:30,1
DA:31,1
DA:32,1
DA:33,1
DA:34,1
DA:35,1
DA:36,1
DA:37,1
DA:38,1
DA:39,1
DA:40,1
DA:43,0
DA:44,0
DA:45,0
DA:46,0
DA:47,0
DA:48,0
DA:49,0
DA:50,0
DA:51,0
DA:52,0
DA:53,0
DA:56,1
DA:57,1
DA:58,1
DA:59,1
DA:60,1
DA:61,1
DA:62,1
DA:63,1
DA:64,1
DA:65,1
DA:66,1
DA:67,1
LF:36
LH:25
end_of_record
SF:lib\data\models\network_model.dart
DA:4,2
DA:16,2
DA:17,1
DA:18,1
DA:19,1
DA:20,1
DA:23,0
DA:24,0
DA:25,0
DA:26,0
DA:27,0
DA:30,1
DA:31,5
LF:13
LH:8
end_of_record
SF:lib\data\models\production_country_model.dart
DA:4,2
DA:12,2
DA:13,1
DA:14,1
DA:17,0
DA:18,0
DA:19,0
DA:22,1
DA:23,3
LF:9
LH:6
end_of_record
SF:lib\data\models\season_model.dart
DA:5,2
DA:23,2
DA:24,1
DA:25,1
DA:26,1
DA:27,1
DA:28,1
DA:29,1
DA:30,1
DA:33,0
DA:35,0
DA:36,0
DA:37,0
DA:38,0
DA:39,0
DA:40,0
DA:41,0
DA:44,1
DA:45,1
DA:46,1
DA:47,1
DA:48,1
DA:49,1
DA:50,1
DA:51,1
DA:52,1
DA:56,1
DA:57,1
DA:58,1
DA:59,1
DA:60,1
DA:61,1
DA:62,1
DA:63,1
DA:64,1
LF:35
LH:27
end_of_record
SF:lib\data\models\spoken_language_model.dart
DA:4,2
DA:14,2
DA:15,1
DA:16,1
DA:17,1
DA:20,0
DA:21,0
DA:22,0
DA:23,0
DA:26,1
DA:27,4
LF:11
LH:7
end_of_record
SF:lib\data\repositories\movie_repository_impl.dart
DA:19,1
DA:26,1
DA:27,3
DA:29,3
DA:30,5
DA:31,1
DA:33,1
DA:36,1
DA:39,0
DA:43,3
DA:44,5
DA:45,1
DA:46,3
DA:52,1
DA:54,3
DA:55,2
DA:56,1
DA:58,1
DA:60,1
DA:63,0
DA:68,1
DA:70,3
DA:71,3
DA:72,1
DA:74,1
DA:76,1
DA:77,2
DA:79,0
DA:84,1
DA:85,3
DA:87,3
DA:88,5
DA:89,1
DA:91,1
DA:94,1
DA:95,2
DA:97,0
DA:101,3
DA:102,5
DA:103,1
DA:104,3
DA:110,1
DA:111,3
DA:113,3
DA:114,5
DA:115,1
DA:117,1
DA:120,1
DA:121,2
DA:123,0
DA:127,3
DA:128,5
DA:129,1
DA:130,3
DA:136,1
DA:138,3
DA:139,5
DA:140,1
DA:142,1
DA:144,1
DA:145,2
DA:147,0
DA:152,1
DA:155,4
DA:156,1
DA:157,1
DA:158,3
DA:165,1
DA:168,4
DA:169,1
DA:170,1
DA:171,3
DA:176,1
DA:177,3
DA:182,1
DA:183,3
DA:184,5
LF:77
LH:71
end_of_record
SF:lib\data\repositories\tv_series_repository_impl.dart
DA:19,1
DA:25,1
DA:26,3
DA:28,3
DA:29,5
DA:30,1
DA:32,1
DA:35,1
DA:38,0
DA:42,3
DA:43,5
DA:44,1
DA:45,3
DA:51,1
DA:52,3
DA:54,3
DA:55,5
DA:56,1
DA:58,1
DA:61,1
DA:64,0
DA:68,3
DA:69,5
DA:70,1
DA:71,3
DA:77,1
DA:78,3
DA:80,3
DA:81,5
DA:82,1
DA:84,1
DA:87,1
DA:90,0
DA:94,3
DA:95,5
DA:96,1
DA:97,3
DA:103,1
DA:105,3
DA:106,2
DA:107,1
DA:109,1
DA:111,0
DA:114,0
DA:119,1
DA:122,3
DA:123,3
DA:124,1
DA:126,1
DA:128,0
DA:131,0
DA:136,1
DA:138,3
DA:139,5
DA:140,1
DA:142,1
DA:144,0
DA:147,0
DA:152,1
DA:155,4
DA:156,1
DA:157,1
DA:158,3
DA:165,1
DA:168,4
DA:169,1
DA:170,1
DA:171,3
DA:176,1
DA:177,3
DA:178,5
DA:182,1
DA:183,3
LF:73
LH:64
end_of_record
SF:lib\domain\usecases\get_movie_detail.dart
DA:10,1
DA:12,1
DA:13,2
LF:3
LH:3
end_of_record
SF:lib\domain\usecases\get_tv_detail.dart
DA:10,1
DA:12,1
DA:13,2
LF:3
LH:3
end_of_record
SF:lib\domain\usecases\get_tv_series_recommendations.dart
DA:10,1
DA:12,1
DA:13,2
LF:3
LH:3
end_of_record
SF:lib\domain\usecases\get_watchlist_status_tv.dart
DA:6,1
DA:8,1
DA:9,2
LF:3
LH:3
end_of_record
SF:lib\domain\usecases\remove_watchlist_tv.dart
DA:10,1
DA:12,1
DA:13,2
LF:3
LH:3
end_of_record
SF:lib\domain\usecases\save_watchlist_tv.dart
DA:10,1
DA:12,1
DA:13,2
LF:3
LH:3
end_of_record
SF:lib\presentation\bloc\tv_detail_bloc\tv_detail_event.dart
DA:5,2
DA:7,0
DA:8,0
DA:14,2
DA:16,0
DA:17,0
DA:23,2
DA:25,0
DA:26,0
DA:32,1
DA:34,0
DA:35,0
DA:41,2
DA:43,0
DA:44,0
LF:15
LH:5
end_of_record
SF:lib\presentation\bloc\tv_detail_bloc\tv_detail_state.dart
DA:13,2
DA:23,2
DA:32,2
DA:33,2
DA:34,2
DA:35,1
DA:37,2
DA:38,2
DA:39,2
DA:40,2
DA:44,2
DA:45,2
DA:47,2
DA:56,1
DA:57,1
DA:58,1
DA:59,1
DA:60,1
DA:61,1
DA:62,1
DA:63,1
DA:64,1
LF:22
LH:22
end_of_record
SF:lib\presentation\bloc\tv_detail_bloc\tv_detail_bloc.dart
DA:26,1
DA:32,2
DA:33,2
DA:34,3
DA:36,4
DA:38,4
DA:40,2
DA:41,3
DA:42,1
DA:43,3
DA:48,1
DA:49,0
DA:51,0
DA:53,1
DA:54,3
DA:63,2
DA:64,4
DA:66,2
DA:67,1
DA:68,4
DA:70,1
DA:71,3
DA:75,4
DA:78,2
DA:79,4
DA:81,2
DA:82,1
DA:83,4
DA:85,1
DA:86,3
DA:90,4
DA:93,2
DA:94,4
DA:95,3
LF:34
LH:32
end_of_record
SF:lib\utils\state_enum.dart
DA:1,20
LF:1
LH:1
end_of_record
SF:lib\domain\usecases\get_movie_recommendations.dart
DA:10,1
DA:12,1
DA:13,2
LF:3
LH:3
end_of_record
SF:lib\domain\usecases\get_watchlist_status.dart
DA:7,1
DA:9,1
DA:10,2
LF:3
LH:3
end_of_record
SF:lib\domain\usecases\remove_watchlist.dart
DA:9,1
DA:11,1
DA:12,2
LF:3
LH:3
end_of_record
SF:lib\domain\usecases\save_watchlist.dart
DA:10,1
DA:12,1
DA:13,2
LF:3
LH:3
end_of_record
SF:lib\presentation\bloc\movie_detail\movie_detail_event.dart
DA:5,3
DA:7,0
DA:8,0
DA:14,2
DA:16,0
DA:17,0
DA:23,2
DA:25,0
DA:26,0
DA:32,1
DA:34,0
DA:35,0
DA:41,2
DA:43,0
DA:44,0
LF:15
LH:5
end_of_record
SF:lib\presentation\bloc\movie_detail\movie_detail_state.dart
DA:13,2
DA:23,2
DA:32,2
DA:33,2
DA:34,2
DA:35,1
DA:36,2
DA:37,2
DA:38,2
DA:39,2
DA:43,2
DA:44,2
DA:46,2
DA:55,1
DA:56,1
DA:57,1
DA:58,1
DA:59,1
DA:60,1
DA:61,2
DA:62,1
LF:21
LH:21
end_of_record
SF:lib\presentation\bloc\movie_detail\movie_detail_bloc.dart
DA:26,1
DA:32,2
DA:33,2
DA:34,3
DA:36,4
DA:38,4
DA:40,2
DA:41,3
DA:42,1
DA:43,3
DA:49,1
DA:50,0
DA:51,1
DA:52,3
DA:61,2
DA:62,4
DA:64,1
DA:65,1
DA:66,4
DA:68,1
DA:69,3
DA:73,4
DA:76,2
DA:77,4
DA:79,1
DA:80,1
DA:81,4
DA:83,1
DA:84,3
DA:88,4
DA:91,2
DA:92,4
DA:93,3
LF:33
LH:32
end_of_record
SF:lib\presentation\pages\movie_detail_page.dart
DA:17,2
DA:19,1
DA:20,1
DA:24,1
DA:26,1
DA:27,2
DA:28,2
DA:29,4
DA:30,2
DA:31,4
DA:35,1
DA:37,1
DA:38,1
DA:39,1
DA:40,2
DA:42,2
DA:44,1
DA:45,4
DA:47,1
DA:49,1
DA:50,1
DA:51,2
DA:56,1
DA:57,3
DA:58,2
DA:59,1
DA:60,2
DA:64,2
DA:65,1
DA:66,1
DA:67,1
DA:69,1
DA:70,1
DA:73,2
DA:74,2
DA:76,1
DA:89,1
DA:91,1
DA:93,1
DA:95,3
DA:96,1
DA:97,1
DA:98,1
DA:99,3
DA:101,1
DA:104,0
DA:106,1
DA:108,1
DA:109,1
DA:110,1
DA:120,1
DA:121,1
DA:122,1
DA:124,1
DA:126,1
DA:128,1
DA:129,1
DA:130,2
DA:131,1
DA:133,1
DA:134,1
DA:135,1
DA:136,1
DA:138,3
DA:140,0
DA:142,0
DA:145,1
DA:147,1
DA:148,1
DA:155,1
DA:156,3
DA:158,1
DA:159,3
DA:161,1
DA:162,1
DA:163,1
DA:164,3
DA:166,1
DA:172,4
DA:176,1
DA:178,1
DA:180,1
DA:181,2
DA:184,1
DA:186,1
DA:188,1
DA:189,1
DA:190,2
DA:194,2
DA:195,0
DA:196,2
DA:197,1
DA:199,1
DA:201,1
DA:202,2
DA:203,1
DA:205,1
DA:206,0
DA:207,0
DA:210,0
DA:213,1
DA:218,1
DA:220,2
DA:221,1
DA:227,0
DA:234,2
DA:238,0
DA:246,1
DA:248,1
DA:263,1
DA:265,1
DA:268,1
DA:270,0
DA:271,0
DA:280,1
DA:282,2
DA:283,3
DA:286,1
DA:290,3
DA:293,1
DA:294,1
DA:295,1
DA:297,1
DA:298,1
DA:300,0
LF:125
LH:113
end_of_record
SF:lib\styles\text_styles.dart
DA:5,4
DA:6,2
DA:7,6
DA:9,0
DA:11,0
DA:15,0
DA:16,0
DA:17,0
DA:18,0
DA:19,0
LF:10
LH:3
end_of_record
SF:lib\domain\usecases\get_now_playing_movies.dart
DA:10,1
DA:12,1
DA:13,2
LF:3
LH:3
end_of_record
SF:lib\domain\usecases\get_on_air_tv.dart
DA:10,1
DA:12,1
DA:13,2
LF:3
LH:3
end_of_record
SF:lib\domain\usecases\get_popular_movies.dart
DA:10,1
DA:12,1
DA:13,2
LF:3
LH:3
end_of_record
SF:lib\domain\usecases\get_popular_tv.dart
DA:10,1
DA:12,1
DA:13,2
LF:3
LH:3
end_of_record
SF:lib\domain\usecases\get_top_rated_movies.dart
DA:10,1
DA:12,1
DA:13,2
LF:3
LH:3
end_of_record
SF:lib\domain\usecases\get_top_rated_tv.dart
DA:9,1
DA:11,1
DA:12,2
LF:3
LH:3
end_of_record
SF:lib\domain\usecases\get_watchlist_movies.dart
DA:10,1
DA:12,1
DA:13,2
LF:3
LH:3
end_of_record
SF:lib\domain\usecases\get_watchlist_tv.dart
DA:10,1
DA:12,1
DA:13,2
LF:3
LH:3
end_of_record
SF:lib\presentation\bloc\movie_list\movie_list_state.dart
DA:5,1
DA:7,1
DA:8,1
DA:18,1
DA:20,1
DA:21,2
DA:27,1
DA:29,1
DA:30,2
LF:9
LH:9
end_of_record
SF:lib\presentation\bloc\movie_list\movie_list_bloc.dart
DA:15,3
DA:16,2
DA:17,2
DA:19,3
DA:21,2
DA:22,3
DA:23,1
DA:24,2
DA:33,3
DA:34,2
DA:35,2
DA:37,3
DA:39,2
DA:40,3
DA:41,1
DA:42,2
DA:51,3
DA:52,2
DA:53,2
DA:55,3
DA:57,2
DA:58,3
DA:59,1
DA:60,2
LF:24
LH:24
end_of_record
SF:lib\presentation\bloc\movie_list\movie_list_event.dart
DA:5,1
DA:7,0
DA:8,0
LF:3
LH:1
end_of_record
SF:lib\presentation\bloc\popular_movies\popular_movies_state.dart
DA:5,4
DA:7,1
DA:8,1
DA:18,2
DA:20,1
DA:21,2
DA:27,3
DA:29,1
DA:30,2
LF:9
LH:9
end_of_record
SF:lib\presentation\bloc\popular_movies\popular_movies_event.dart
DA:5,0
DA:6,0
LF:2
LH:0
end_of_record
SF:lib\presentation\bloc\popular_movies\popular_movies_bloc.dart
DA:13,3
DA:14,2
DA:15,2
DA:16,3
DA:18,1
DA:19,1
DA:20,3
DA:22,1
DA:23,2
LF:9
LH:9
end_of_record
SF:lib\presentation\bloc\popular_tv\popular_tv_state.dart
DA:5,4
DA:7,1
DA:8,1
DA:18,2
DA:20,1
DA:21,2
DA:27,3
DA:29,1
DA:30,2
LF:9
LH:9
end_of_record
SF:lib\presentation\bloc\popular_tv\popular_tv_bloc.dart
DA:13,3
DA:14,2
DA:15,2
DA:16,3
DA:18,1
DA:19,1
DA:20,3
DA:22,1
DA:23,2
LF:9
LH:9
end_of_record
SF:lib\presentation\bloc\popular_tv\popular_tv_event.dart
DA:5,2
DA:7,0
DA:8,0
LF:3
LH:1
end_of_record
SF:lib\presentation\bloc\switch\switch_event.dart
DA:5,1
DA:7,0
DA:8,0
DA:14,1
DA:16,0
DA:17,0
LF:6
LH:2
end_of_record
SF:lib\presentation\bloc\switch\switch_state.dart
DA:5,1
DA:7,1
DA:8,1
LF:3
LH:3
end_of_record
SF:lib\presentation\bloc\switch\switch_bloc.dart
DA:9,3
DA:10,2
DA:11,1
DA:13,1
DA:14,2
DA:16,2
LF:6
LH:6
end_of_record
SF:lib\presentation\bloc\top_rated_movies\top_rated_movies_bloc.dart
DA:14,3
DA:15,2
DA:16,2
DA:17,3
DA:19,1
DA:20,1
DA:21,3
DA:23,1
DA:24,2
LF:9
LH:9
end_of_record
SF:lib\presentation\bloc\top_rated_movies\top_rated_movies_event.dart
DA:5,0
DA:6,0
LF:2
LH:0
end_of_record
SF:lib\presentation\bloc\top_rated_movies\top_rated_movies_state.dart
DA:5,4
DA:7,1
DA:8,1
DA:18,2
DA:20,1
DA:21,2
DA:27,3
DA:29,1
DA:30,2
LF:9
LH:9
end_of_record
SF:lib\presentation\bloc\top_rated_tv\top_rated_tv_event.dart
DA:5,2
DA:7,0
DA:8,0
LF:3
LH:1
end_of_record
SF:lib\presentation\bloc\top_rated_tv\top_rated_tv_bloc.dart
DA:13,3
DA:14,2
DA:15,2
DA:17,3
DA:19,2
DA:20,3
DA:21,1
DA:22,2
LF:8
LH:8
end_of_record
SF:lib\presentation\bloc\top_rated_tv\top_rated_tv_state.dart
DA:5,4
DA:7,1
DA:8,1
DA:18,2
DA:20,1
DA:21,2
DA:27,3
DA:29,1
DA:30,2
LF:9
LH:9
end_of_record
SF:lib\presentation\bloc\tv_list\tv_list_bloc.dart
DA:15,3
DA:16,2
DA:17,2
DA:19,3
DA:21,2
DA:22,3
DA:23,1
DA:24,2
DA:33,3
DA:34,2
DA:35,2
DA:37,3
DA:39,2
DA:40,3
DA:41,1
DA:42,2
DA:51,3
DA:52,2
DA:53,2
DA:55,3
DA:57,2
DA:58,3
DA:59,1
DA:60,2
LF:24
LH:24
end_of_record
SF:lib\presentation\bloc\tv_list\tv_list_state.dart
DA:5,1
DA:7,1
DA:8,1
DA:18,1
DA:20,1
DA:21,2
DA:27,1
DA:29,1
DA:30,2
LF:9
LH:9
end_of_record
SF:lib\presentation\bloc\tv_list\tv_list_event.dart
DA:5,1
DA:7,0
DA:8,0
LF:3
LH:1
end_of_record
SF:lib\presentation\pages\popular_movies_page.dart
DA:9,1
DA:11,1
DA:12,1
DA:16,1
DA:18,1
DA:19,2
DA:20,2
DA:21,2
DA:24,1
DA:26,1
DA:27,1
DA:30,1
DA:32,1
DA:33,1
DA:34,1
DA:38,1
DA:39,1
DA:40,0
DA:41,0
DA:42,0
DA:44,2
DA:46,1
DA:47,1
DA:49,2
DA:52,0
LF:25
LH:21
end_of_record
SF:lib\presentation\widgets\movie_card_list.dart
DA:11,0
DA:13,0
DA:15,0
DA:17,0
DA:18,0
DA:19,0
DA:22,0
DA:25,0
DA:27,0
DA:28,0
DA:29,0
DA:35,0
DA:37,0
DA:38,0
DA:39,0
DA:42,0
DA:45,0
DA:46,0
DA:54,0
DA:59,0
DA:60,0
DA:61,0
DA:63,0
DA:66,0
LF:24
LH:0
end_of_record
SF:lib\presentation\pages\tv_detail_page.dart
DA:17,2
DA:19,1
DA:20,1
DA:24,1
DA:26,1
DA:27,2
DA:28,2
DA:29,4
DA:30,2
DA:31,4
DA:35,1
DA:37,1
DA:38,1
DA:39,1
DA:40,2
DA:42,2
DA:44,1
DA:45,4
DA:47,1
DA:49,1
DA:50,1
DA:51,2
DA:56,1
DA:57,3
DA:58,2
DA:59,1
DA:60,2
DA:64,2
DA:65,1
DA:66,1
DA:67,1
DA:69,1
DA:70,1
DA:73,2
DA:74,2
DA:76,1
DA:89,1
DA:91,1
DA:93,1
DA:95,3
DA:96,1
DA:97,1
DA:98,1
DA:99,3
DA:101,1
DA:104,0
DA:106,1
DA:108,1
DA:109,1
DA:110,1
DA:120,1
DA:121,1
DA:122,1
DA:124,1
DA:126,1
DA:128,1
DA:129,1
DA:130,2
DA:131,1
DA:133,1
DA:134,1
DA:135,1
DA:136,1
DA:138,3
DA:140,0
DA:142,0
DA:145,1
DA:147,1
DA:148,1
DA:155,1
DA:156,3
DA:158,1
DA:159,1
DA:161,1
DA:162,1
DA:163,1
DA:164,3
DA:166,1
DA:172,4
DA:176,1
DA:178,1
DA:180,1
DA:181,2
DA:184,1
DA:186,1
DA:188,1
DA:189,1
DA:190,2
DA:194,2
DA:195,0
DA:196,2
DA:197,1
DA:199,1
DA:201,1
DA:202,2
DA:203,1
DA:205,1
DA:206,0
DA:207,0
DA:210,0
DA:213,1
DA:218,1
DA:220,2
DA:221,1
DA:227,0
DA:234,2
DA:238,0
DA:246,1
DA:248,1
DA:263,1
DA:265,1
DA:268,1
DA:270,0
DA:271,0
DA:280,1
DA:282,2
DA:283,3
DA:286,1
DA:290,3
DA:293,1
DA:294,1
DA:295,1
DA:297,1
DA:298,1
DA:300,0
LF:125
LH:113
end_of_record
SF:lib\presentation\pages\popular_tv_page.dart
DA:9,1
DA:11,1
DA:12,1
DA:16,1
DA:18,1
DA:19,2
DA:20,2
DA:21,2
DA:24,1
DA:26,1
DA:27,1
DA:30,1
DA:32,1
DA:33,1
DA:34,1
DA:38,1
DA:39,1
DA:40,0
DA:41,0
DA:42,0
DA:44,2
DA:46,1
DA:47,1
DA:49,2
DA:52,0
LF:25
LH:21
end_of_record
SF:lib\presentation\widgets\tv_card_list.dart
DA:11,0
DA:13,0
DA:15,0
DA:17,0
DA:18,0
DA:19,0
DA:22,0
DA:25,0
DA:27,0
DA:28,0
DA:29,0
DA:35,0
DA:37,0
DA:38,0
DA:39,0
DA:42,0
DA:45,0
DA:46,0
DA:54,0
DA:59,0
DA:60,0
DA:61,0
DA:63,0
DA:66,0
LF:24
LH:0
end_of_record
SF:lib\presentation\pages\top_rated_movies_page.dart
DA:10,1
DA:12,1
DA:13,1
DA:17,1
DA:19,1
DA:20,4
DA:21,2
DA:24,1
DA:26,1
DA:27,1
DA:30,1
DA:32,1
DA:33,1
DA:34,1
DA:38,1
DA:39,1
DA:40,0
DA:41,0
DA:42,0
DA:44,2
DA:46,1
DA:47,1
DA:49,2
DA:52,0
LF:24
LH:20
end_of_record
SF:lib\presentation\pages\top_rated_tv_page.dart
DA:9,1
DA:11,1
DA:12,1
DA:16,1
DA:18,1
DA:19,2
DA:20,4
DA:23,1
DA:25,1
DA:26,1
DA:29,1
DA:31,1
DA:32,1
DA:33,1
DA:37,1
DA:38,1
DA:39,0
DA:40,0
DA:41,0
DA:43,2
DA:45,1
DA:46,1
DA:48,2
DA:51,0
LF:24
LH:20
end_of_record
